app/build/intermediates/manifest_merge_blame_file/debug/manifest-merger-blame-debug-report.txt
1<?xml version="1.0" encoding="utf-8"?>
2<manifest xmlns:android="http://schemas.android.com/apk/res/android"
3    package="com.example.bensapp"
4    android:versionCode="1"
5    android:versionName="1.0" >
6
7    <uses-sdk
8        android:minSdkVersion="16"
8-->src/main/AndroidManifest.xml
9        android:targetSdkVersion="32" />
9-->src/main/AndroidManifest.xml
10
11    <!-- Although the *SdkVersion is captured in gradle build files, this is required for non gradle builds -->
12    <!-- <uses-sdk android:minSdkVersion="14"/> -->
13    <uses-permission android:name="android.permission.ACCESS_NETWORK_STATE" />
13-->[com.google.firebase:firebase-database:20.0.5] AndroidManifest.xml:25:5-79
13-->[com.google.firebase:firebase-database:20.0.5] AndroidManifest.xml:25:22-76
14    <uses-permission android:name="android.permission.INTERNET" />
14-->[com.google.firebase:firebase-database:20.0.5] AndroidManifest.xml:26:5-67
14-->[com.google.firebase:firebase-database:20.0.5] AndroidManifest.xml:26:22-64
15
16    <application
16-->src/main/AndroidManifest.xml:6:5-34:19
17        android:allowBackup="true"
17-->src/main/AndroidManifest.xml:7:9-35
18        android:appComponentFactory="androidx.core.app.CoreComponentFactory"
18-->[androidx.core:core:1.8.0] AndroidManifest.xml:24:18-86
19        android:dataExtractionRules="@xml/data_extraction_rules"
19-->src/main/AndroidManifest.xml:8:9-65
20        android:debuggable="true"
21        android:fullBackupContent="@xml/backup_rules"
21-->src/main/AndroidManifest.xml:9:9-54
22        android:icon="@mipmap/ic_launcher"
22-->src/main/AndroidManifest.xml:10:9-43
23        android:label="@string/app_name"
23-->src/main/AndroidManifest.xml:11:9-41
24        android:roundIcon="@mipmap/ic_launcher_round"
24-->src/main/AndroidManifest.xml:12:9-54
25        android:supportsRtl="true"
25-->src/main/AndroidManifest.xml:13:9-35
26        android:testOnly="true"
27        android:theme="@style/Theme.BensApp" >
27-->src/main/AndroidManifest.xml:14:9-45
28        <activity
28-->src/main/AndroidManifest.xml:16:9-18:40
29            android:name="com.example.bensapp.SplashActivity"
29-->src/main/AndroidManifest.xml:17:13-43
30            android:exported="false" />
30-->src/main/AndroidManifest.xml:18:13-37
31        <activity
31-->src/main/AndroidManifest.xml:19:9-21:40
32            android:name="com.example.bensapp.RegisterActivity"
32-->src/main/AndroidManifest.xml:20:13-45
33            android:exported="false" />
33-->src/main/AndroidManifest.xml:21:13-37
34        <activity
34-->src/main/AndroidManifest.xml:22:9-24:40
35            android:name="com.example.bensapp.MainActivity"
35-->src/main/AndroidManifest.xml:23:13-41
36            android:exported="false" />
36-->src/main/AndroidManifest.xml:24:13-37
37        <activity
37-->src/main/AndroidManifest.xml:25:9-33:20
38            android:name="com.example.bensapp.LoginActivity"
38-->src/main/AndroidManifest.xml:26:13-42
39            android:exported="true" >
39-->src/main/AndroidManifest.xml:27:13-36
40            <intent-filter>
40-->src/main/AndroidManifest.xml:28:13-32:29
41                <action android:name="android.intent.action.MAIN" />
41-->src/main/AndroidManifest.xml:29:17-69
41-->src/main/AndroidManifest.xml:29:25-66
42
43                <category android:name="android.intent.category.LAUNCHER" />
43-->src/main/AndroidManifest.xml:31:17-77
43-->src/main/AndroidManifest.xml:31:27-74
44            </intent-filter>
45        </activity>
46
47        <service
47-->[com.google.firebase:firebase-database-ktx:20.0.5] AndroidManifest.xml:12:9-18:19
48            android:name="com.google.firebase.components.ComponentDiscoveryService"
48-->[com.google.firebase:firebase-database-ktx:20.0.5] AndroidManifest.xml:13:13-84
49            android:directBootAware="true"
49-->[com.google.firebase:firebase-common:20.1.1] AndroidManifest.xml:35:13-43
50            android:exported="false" >
50-->[com.google.firebase:firebase-database-ktx:20.0.5] AndroidManifest.xml:14:13-37
51            <meta-data
51-->[com.google.firebase:firebase-database-ktx:20.0.5] AndroidManifest.xml:15:13-17:85
52                android:name="com.google.firebase.components:com.google.firebase.database.ktx.FirebaseDatabaseKtxRegistrar"
52-->[com.google.firebase:firebase-database-ktx:20.0.5] AndroidManifest.xml:16:17-124
53                android:value="com.google.firebase.components.ComponentRegistrar" />
53-->[com.google.firebase:firebase-database-ktx:20.0.5] AndroidManifest.xml:17:17-82
54            <meta-data
54-->[com.google.firebase:firebase-database:20.0.5] AndroidManifest.xml:32:13-34:85
55                android:name="com.google.firebase.components:com.google.firebase.database.DatabaseRegistrar"
55-->[com.google.firebase:firebase-database:20.0.5] AndroidManifest.xml:33:17-109
56                android:value="com.google.firebase.components.ComponentRegistrar" />
56-->[com.google.firebase:firebase-database:20.0.5] AndroidManifest.xml:34:17-82
57            <meta-data
57-->[com.google.firebase:firebase-storage:20.0.1] AndroidManifest.xml:33:13-35:85
58                android:name="com.google.firebase.components:com.google.firebase.storage.StorageRegistrar"
58-->[com.google.firebase:firebase-storage:20.0.1] AndroidManifest.xml:34:17-107
59                android:value="com.google.firebase.components.ComponentRegistrar" />
59-->[com.google.firebase:firebase-storage:20.0.1] AndroidManifest.xml:35:17-82
60            <meta-data
60-->[com.google.firebase:firebase-auth-ktx:21.0.6] AndroidManifest.xml:11:13-13:85
61                android:name="com.google.firebase.components:com.google.firebase.auth.ktx.FirebaseAuthKtxRegistrar"
61-->[com.google.firebase:firebase-auth-ktx:21.0.6] AndroidManifest.xml:12:17-116
62                android:value="com.google.firebase.components.ComponentRegistrar" />
62-->[com.google.firebase:firebase-auth-ktx:21.0.6] AndroidManifest.xml:13:17-82
63            <meta-data
63-->[com.google.firebase:firebase-auth:21.0.6] AndroidManifest.xml:67:13-69:85
64                android:name="com.google.firebase.components:com.google.firebase.auth.FirebaseAuthRegistrar"
64-->[com.google.firebase:firebase-auth:21.0.6] AndroidManifest.xml:68:17-109
65                android:value="com.google.firebase.components.ComponentRegistrar" />
65-->[com.google.firebase:firebase-auth:21.0.6] AndroidManifest.xml:69:17-82
66            <meta-data
66-->[com.google.firebase:firebase-common-ktx:20.1.1] AndroidManifest.xml:15:13-17:85
67                android:name="com.google.firebase.components:com.google.firebase.ktx.FirebaseCommonKtxRegistrar"
67-->[com.google.firebase:firebase-common-ktx:20.1.1] AndroidManifest.xml:16:17-113
68                android:value="com.google.firebase.components.ComponentRegistrar" />
68-->[com.google.firebase:firebase-common-ktx:20.1.1] AndroidManifest.xml:17:17-82
69        </service>
70
71        <activity
71-->[com.google.firebase:firebase-auth:21.0.6] AndroidManifest.xml:27:9-44:20
72            android:name="com.google.firebase.auth.internal.GenericIdpActivity"
72-->[com.google.firebase:firebase-auth:21.0.6] AndroidManifest.xml:28:13-80
73            android:excludeFromRecents="true"
73-->[com.google.firebase:firebase-auth:21.0.6] AndroidManifest.xml:29:13-46
74            android:exported="true"
74-->[com.google.firebase:firebase-auth:21.0.6] AndroidManifest.xml:30:13-36
75            android:launchMode="singleTask"
75-->[com.google.firebase:firebase-auth:21.0.6] AndroidManifest.xml:31:13-44
76            android:theme="@android:style/Theme.Translucent.NoTitleBar" >
76-->[com.google.firebase:firebase-auth:21.0.6] AndroidManifest.xml:32:13-72
77            <intent-filter>
77-->[com.google.firebase:firebase-auth:21.0.6] AndroidManifest.xml:33:13-43:29
78                <action android:name="android.intent.action.VIEW" />
78-->[com.google.firebase:firebase-auth:21.0.6] AndroidManifest.xml:34:17-69
78-->[com.google.firebase:firebase-auth:21.0.6] AndroidManifest.xml:34:25-66
79
80                <category android:name="android.intent.category.DEFAULT" />
80-->[com.google.firebase:firebase-auth:21.0.6] AndroidManifest.xml:36:17-76
80-->[com.google.firebase:firebase-auth:21.0.6] AndroidManifest.xml:36:27-73
81                <category android:name="android.intent.category.BROWSABLE" />
81-->[com.google.firebase:firebase-auth:21.0.6] AndroidManifest.xml:37:17-78
81-->[com.google.firebase:firebase-auth:21.0.6] AndroidManifest.xml:37:27-75
82
83                <data
83-->[com.google.firebase:firebase-auth:21.0.6] AndroidManifest.xml:39:17-42:51
84                    android:host="firebase.auth"
84-->[com.google.firebase:firebase-auth:21.0.6] AndroidManifest.xml:40:21-49
85                    android:path="/"
85-->[com.google.firebase:firebase-auth:21.0.6] AndroidManifest.xml:41:21-37
86                    android:scheme="genericidp" />
86-->[com.google.firebase:firebase-auth:21.0.6] AndroidManifest.xml:42:21-48
87            </intent-filter>
88        </activity>
89        <activity
89-->[com.google.firebase:firebase-auth:21.0.6] AndroidManifest.xml:45:9-62:20
90            android:name="com.google.firebase.auth.internal.RecaptchaActivity"
90-->[com.google.firebase:firebase-auth:21.0.6] AndroidManifest.xml:46:13-79
91            android:excludeFromRecents="true"
91-->[com.google.firebase:firebase-auth:21.0.6] AndroidManifest.xml:47:13-46
92            android:exported="true"
92-->[com.google.firebase:firebase-auth:21.0.6] AndroidManifest.xml:48:13-36
93            android:launchMode="singleTask"
93-->[com.google.firebase:firebase-auth:21.0.6] AndroidManifest.xml:49:13-44
94            android:theme="@android:style/Theme.Translucent.NoTitleBar" >
94-->[com.google.firebase:firebase-auth:21.0.6] AndroidManifest.xml:50:13-72
95            <intent-filter>
95-->[com.google.firebase:firebase-auth:21.0.6] AndroidManifest.xml:51:13-61:29
96                <action android:name="android.intent.action.VIEW" />
96-->[com.google.firebase:firebase-auth:21.0.6] AndroidManifest.xml:34:17-69
96-->[com.google.firebase:firebase-auth:21.0.6] AndroidManifest.xml:34:25-66
97
98                <category android:name="android.intent.category.DEFAULT" />
98-->[com.google.firebase:firebase-auth:21.0.6] AndroidManifest.xml:36:17-76
98-->[com.google.firebase:firebase-auth:21.0.6] AndroidManifest.xml:36:27-73
99                <category android:name="android.intent.category.BROWSABLE" />
99-->[com.google.firebase:firebase-auth:21.0.6] AndroidManifest.xml:37:17-78
99-->[com.google.firebase:firebase-auth:21.0.6] AndroidManifest.xml:37:27-75
100
101                <data
101-->[com.google.firebase:firebase-auth:21.0.6] AndroidManifest.xml:39:17-42:51
102                    android:host="firebase.auth"
102-->[com.google.firebase:firebase-auth:21.0.6] AndroidManifest.xml:40:21-49
103                    android:path="/"
103-->[com.google.firebase:firebase-auth:21.0.6] AndroidManifest.xml:41:21-37
104                    android:scheme="recaptcha" />
104-->[com.google.firebase:firebase-auth:21.0.6] AndroidManifest.xml:42:21-48
105            </intent-filter>
106        </activity>
107        <activity
107-->[com.google.android.gms:play-services-base:18.0.1] AndroidManifest.xml:20:9-22:45
108            android:name="com.google.android.gms.common.api.GoogleApiActivity"
108-->[com.google.android.gms:play-services-base:18.0.1] AndroidManifest.xml:20:19-85
109            android:exported="false"
109-->[com.google.android.gms:play-services-base:18.0.1] AndroidManifest.xml:22:19-43
110            android:theme="@android:style/Theme.Translucent.NoTitleBar" />
110-->[com.google.android.gms:play-services-base:18.0.1] AndroidManifest.xml:21:19-78
111
112        <provider
112-->[com.google.firebase:firebase-common:20.1.1] AndroidManifest.xml:26:9-31:39
113            android:name="com.google.firebase.provider.FirebaseInitProvider"
113-->[com.google.firebase:firebase-common:20.1.1] AndroidManifest.xml:27:13-77
114            android:authorities="com.example.bensapp.firebaseinitprovider"
114-->[com.google.firebase:firebase-common:20.1.1] AndroidManifest.xml:28:13-72
115            android:directBootAware="true"
115-->[com.google.firebase:firebase-common:20.1.1] AndroidManifest.xml:29:13-43
116            android:exported="false"
116-->[com.google.firebase:firebase-common:20.1.1] AndroidManifest.xml:30:13-37
117            android:initOrder="100" />
117-->[com.google.firebase:firebase-common:20.1.1] AndroidManifest.xml:31:13-36
118
119        <meta-data
119-->[com.google.android.gms:play-services-basement:18.0.0] AndroidManifest.xml:21:9-23:69
120            android:name="com.google.android.gms.version"
120-->[com.google.android.gms:play-services-basement:18.0.0] AndroidManifest.xml:22:13-58
121            android:value="@integer/google_play_services_version" />
121-->[com.google.android.gms:play-services-basement:18.0.0] AndroidManifest.xml:23:13-66
122
123        <provider
123-->[androidx.emoji2:emoji2:1.2.0] AndroidManifest.xml:24:9-32:20
124            android:name="androidx.startup.InitializationProvider"
124-->[androidx.emoji2:emoji2:1.2.0] AndroidManifest.xml:25:13-67
125            android:authorities="com.example.bensapp.androidx-startup"
125-->[androidx.emoji2:emoji2:1.2.0] AndroidManifest.xml:26:13-68
126            android:exported="false" >
126-->[androidx.emoji2:emoji2:1.2.0] AndroidManifest.xml:27:13-37
127            <meta-data
127-->[androidx.emoji2:emoji2:1.2.0] AndroidManifest.xml:29:13-31:52
128                android:name="androidx.emoji2.text.EmojiCompatInitializer"
128-->[androidx.emoji2:emoji2:1.2.0] AndroidManifest.xml:30:17-75
129                android:value="androidx.startup" />
129-->[androidx.emoji2:emoji2:1.2.0] AndroidManifest.xml:31:17-49
130            <meta-data
130-->[androidx.lifecycle:lifecycle-process:2.4.1] AndroidManifest.xml:31:13-33:52
131                android:name="androidx.lifecycle.ProcessLifecycleInitializer"
131-->[androidx.lifecycle:lifecycle-process:2.4.1] AndroidManifest.xml:32:17-78
132                android:value="androidx.startup" />
132-->[androidx.lifecycle:lifecycle-process:2.4.1] AndroidManifest.xml:33:17-49
133        </provider>
134    </application>
135
136</manifest>